Using pre-set license

 COMMAND LINE ARGUMENTS:
/Applications/Unity/Hub/Editor/2020.3.10f1/Unity.app/Contents/MacOS/Unity
-adb2
-batchMode
-noUpm
-name
AssetImportWorker0
-projectPath
/Volumes/MARK17/gametopiaEjercicio01
-logFile
Logs/AssetImportWorker0.log
-srvPort
57288
Successfully changed project path to: /Volumes/MARK17/gametopiaEjercicio01
/Volumes/MARK17/gametopiaEjercicio01
Using Asset Import Pipeline V2.
Refreshing native plugins compatible for Editor in 47.16 ms, found 2 plugins.
Preloading 0 native plugins for Editor in 0.00 ms.
Initialize engine version: 2020.3.10f1 (297d780c91bc)
[Subsystems] Discovering subsystems at path /Applications/Unity/Hub/Editor/2020.3.10f1/Unity.app/Contents/Resources/UnitySubsystems
[Subsystems] Discovering subsystems at path /Volumes/MARK17/gametopiaEjercicio01/Assets
GfxDevice: creating device client; threaded=0
2021-09-22 21:56:58.582 Unity[35668:1559084] Color LCD preferred device: AMD Radeon Pro 460 (high power)
2021-09-22 21:56:58.582 Unity[35668:1559084] Metal devices available: 2
2021-09-22 21:56:58.582 Unity[35668:1559084] 0: AMD Radeon Pro 460 (high power)
2021-09-22 21:56:58.582 Unity[35668:1559084] 1: Intel(R) HD Graphics 530 (low power)
2021-09-22 21:56:58.583 Unity[35668:1559084] Using device AMD Radeon Pro 460 (high power)
Initializing Metal device caps: AMD Radeon Pro 460
Initialize mono
Mono path[0] = '/Applications/Unity/Hub/Editor/2020.3.10f1/Unity.app/Contents/Managed'
Mono path[1] = '/Applications/Unity/Hub/Editor/2020.3.10f1/Unity.app/Contents/MonoBleedingEdge/lib/mono/unityjit'
Mono config path = '/Applications/Unity/Hub/Editor/2020.3.10f1/Unity.app/Contents/MonoBleedingEdge/etc'
Using monoOptions --debugger-agent=transport=dt_socket,embedding=1,server=y,suspend=n,address=127.0.0.1:56668
Begin MonoManager ReloadAssembly
Registering precompiled unity dll's ...
Register platform support module: /Applications/Unity/Hub/Editor/2020.3.10f1/PlaybackEngines/WebGLSupport/UnityEditor.WebGL.Extensions.dll
Register platform support module: /Applications/Unity/Hub/Editor/2020.3.10f1/Unity.app/Contents/PlaybackEngines/MacStandaloneSupport/UnityEditor.OSXStandalone.Extensions.dll
Registered in 0.000829 seconds.
Native extension for OSXStandalone target not found
Native extension for WebGL target not found
Refreshing native plugins compatible for Editor in 44.77 ms, found 2 plugins.
Preloading 0 native plugins for Editor in 0.00 ms.
Mono: successfully reloaded assembly
- Completed reload, in  2.284 seconds
Platform modules already initialized, skipping
Registering precompiled user dll's ...
Registered in 0.002619 seconds.
Begin MonoManager ReloadAssembly
Native extension for OSXStandalone target not found
Native extension for WebGL target not found
Refreshing native plugins compatible for Editor in 0.41 ms, found 2 plugins.
Preloading 0 native plugins for Editor in 0.00 ms.
Mono: successfully reloaded assembly
- Completed reload, in  1.499 seconds
Platform modules already initialized, skipping
========================================================================
Worker process is ready to serve import requests
Launching external process: /Applications/Unity/Hub/Editor/2020.3.10f1/Unity.app/Contents/Tools/UnityShaderCompiler
Launched and connected shader compiler UnityShaderCompiler after 0.02 seconds
Refreshing native plugins compatible for Editor in 0.41 ms, found 2 plugins.
Preloading 0 native plugins for Editor in 0.00 ms.
Unloading 1466 Unused Serialized files (Serialized files now loaded: 0)
System memory in use before: 163.1 MB.
System memory in use after: 162.5 MB.

Unloading 20 unused Assets to reduce memory usage. Loaded Objects now: 1921.
Total: 3.310464 ms (FindLiveObjects: 0.240299 ms CreateObjectMapping: 0.059920 ms MarkObjects: 2.080863 ms  DeleteObjects: 0.928482 ms)

========================================================================
Received Import Request.
  path: Assets/Editor/CrossPlatformInput/CrossPlatformInputInitialize.cs
  artifactKey: Guid(db7667203062c644ea1877077e30ebd6) Importer(815301076,1909f56bfc062723c751e8b465ee728b)
Start importing Assets/Editor/CrossPlatformInput/CrossPlatformInputInitialize.cs using Guid(db7667203062c644ea1877077e30ebd6) Importer(815301076,1909f56bfc062723c751e8b465ee728b)  -> (artifact id: 'fc85b1e931e8d17b433aecb98871b4e1') in 0.375945 seconds
  Import took 0.378736 seconds .

========================================================================
Received Prepare
Registering precompiled user dll's ...
Registered in 0.002176 seconds.
Begin MonoManager ReloadAssembly
Native extension for OSXStandalone target not found
Native extension for WebGL target not found
Refreshing native plugins compatible for Editor in 0.47 ms, found 2 plugins.
Preloading 0 native plugins for Editor in 0.00 ms.
Mono: successfully reloaded assembly
- Completed reload, in  1.443 seconds
Platform modules already initialized, skipping
Refreshing native plugins compatible for Editor in 0.44 ms, found 2 plugins.
Preloading 0 native plugins for Editor in 0.00 ms.
Unloading 1429 Unused Serialized files (Serialized files now loaded: 0)
System memory in use before: 164.4 MB.
System memory in use after: 163.8 MB.

Unloading 15 unused Assets to reduce memory usage. Loaded Objects now: 1924.
Total: 3.104169 ms (FindLiveObjects: 0.196579 ms CreateObjectMapping: 0.057628 ms MarkObjects: 1.906306 ms  DeleteObjects: 0.942511 ms)

========================================================================
Received Prepare
Registering precompiled user dll's ...
Registered in 0.002183 seconds.
Begin MonoManager ReloadAssembly
Native extension for OSXStandalone target not found
Native extension for WebGL target not found
Refreshing native plugins compatible for Editor in 0.43 ms, found 2 plugins.
Preloading 0 native plugins for Editor in 0.00 ms.
Mono: successfully reloaded assembly
- Completed reload, in  1.452 seconds
Platform modules already initialized, skipping
Refreshing native plugins compatible for Editor in 0.76 ms, found 2 plugins.
Preloading 0 native plugins for Editor in 0.00 ms.
Unloading 1429 Unused Serialized files (Serialized files now loaded: 0)
System memory in use before: 164.7 MB.
System memory in use after: 164.1 MB.

Unloading 15 unused Assets to reduce memory usage. Loaded Objects now: 1927.
Total: 4.265383 ms (FindLiveObjects: 0.401003 ms CreateObjectMapping: 0.082749 ms MarkObjects: 2.391525 ms  DeleteObjects: 1.386758 ms)

AssetImportWorkerClient::OnTransportError - code=2 error=End of file
